  Project Bank C11.cpp
C:\Users\dell\source\repos\Project Bank C11\Project Bank C11\clsString.h(39,25): warning C4267: 'return': conversion from 'size_t' to 'short', possible loss of data
  (compiling source file 'Project%20Bank%20C11.cpp')
  
C:\Users\dell\source\repos\Project Bank C11\Project Bank C11\clsString.h(44,29): warning C4267: 'return': conversion from 'size_t' to 'short', possible loss of data
  (compiling source file 'Project%20Bank%20C11.cpp')
  
C:\Users\dell\source\repos\Project Bank C11\Project Bank C11\clsString.h(56,30): warning C4267: '=': conversion from 'size_t' to 'short', possible loss of data
  (compiling source file 'Project%20Bank%20C11.cpp')
  
C:\Users\dell\source\repos\Project Bank C11\Project Bank C11\clsString.h(193,29): warning C4267: 'return': conversion from 'size_t' to 'short', possible loss of data
  (compiling source file 'Project%20Bank%20C11.cpp')
  
C:\Users\dell\source\repos\Project Bank C11\Project Bank C11\clsString.h(324,30): warning C4267: '=': conversion from 'size_t' to 'short', possible loss of data
  (compiling source file 'Project%20Bank%20C11.cpp')
  
C:\Users\dell\source\repos\Project Bank C11\Project Bank C11\clsString.h(372,22): warning C4267: 'initializing': conversion from 'size_t' to 'short', possible loss of data
  (compiling source file 'Project%20Bank%20C11.cpp')
  
C:\Users\dell\source\repos\Project Bank C11\Project Bank C11\clsUtil.h(64,5): warning C4102: 'defualt': unreferenced label
  (compiling source file 'Project%20Bank%20C11.cpp')
  
C:\Users\dell\source\repos\Project Bank C11\Project Bank C11\clsUser.h(191,9): warning C4240: nonstandard extension used: access to 'clsUser::stLoginRegisterRecord' now defined to be 'public', previously it was defined to be 'private'
  (compiling source file 'Project%20Bank%20C11.cpp')
      C:\Users\dell\source\repos\Project Bank C11\Project Bank C11\clsUser.h(31,10):
      see declaration of 'clsUser::stLoginRegisterRecord'
  
C:\Users\dell\source\repos\Project Bank C11\Project Bank C11\clsUser.h(55,79): warning C4244: 'argument': conversion from 'double' to 'int', possible loss of data
  (compiling source file 'Project%20Bank%20C11.cpp')
  
C:\Users\dell\source\repos\Project Bank C11\Project Bank C11\clsScreen.h(40,21): warning C4129: ' ': unrecognized character escape sequence
  (compiling source file 'Project%20Bank%20C11.cpp')
  
C:\Users\dell\source\repos\Project Bank C11\Project Bank C11\clsInputValidate.h(119,16): warning C4244: 'initializing': conversion from 'double' to 'float', possible loss of data
  (compiling source file 'Project%20Bank%20C11.cpp')
  
C:\Users\dell\source\repos\Project Bank C11\Project Bank C11\clsInputValidate.h(123,26): warning C4244: '=': conversion from 'double' to 'float', possible loss of data
  (compiling source file 'Project%20Bank%20C11.cpp')
  
C:\Users\dell\source\repos\Project Bank C11\Project Bank C11\clsBankClient.h(189,9): warning C4240: nonstandard extension used: access to 'clsBankClient::stTransferData' now defined to be 'public', previously it was defined to be 'private'
  (compiling source file 'Project%20Bank%20C11.cpp')
      C:\Users\dell\source\repos\Project Bank C11\Project Bank C11\clsBankClient.h(57,9):
      see declaration of 'clsBankClient::stTransferData'
  
C:\Users\dell\source\repos\Project Bank C11\Project Bank C11\clsBankClient.h(33,56): warning C4244: 'argument': conversion from 'double' to 'float', possible loss of data
  (compiling source file 'Project%20Bank%20C11.cpp')
  
C:\Users\dell\source\repos\Project Bank C11\Project Bank C11\clsBankClient.h(342,22): warning C4244: '+=': conversion from 'double' to 'float', possible loss of data
  (compiling source file 'Project%20Bank%20C11.cpp')
  
C:\Users\dell\source\repos\Project Bank C11\Project Bank C11\clsBankClient.h(353,23): warning C4244: '-=': conversion from 'double' to 'float', possible loss of data
  (compiling source file 'Project%20Bank%20C11.cpp')
  
C:\Users\dell\source\repos\Project Bank C11\Project Bank C11\clsAddNewClientScreen.h(29,60): warning C4244: 'argument': conversion from 'double' to 'float', possible loss of data
  (compiling source file 'Project%20Bank%20C11.cpp')
  
C:\Users\dell\source\repos\Project Bank C11\Project Bank C11\clsUpdateClientScreen.h(44,60): warning C4244: 'argument': conversion from 'double' to 'float', possible loss of data
  (compiling source file 'Project%20Bank%20C11.cpp')
  
C:\Users\dell\source\repos\Project Bank C11\Project Bank C11\clsTotalBalancesScreen.h(61,76): warning C4244: 'argument': conversion from 'double' to 'int', possible loss of data
  (compiling source file 'Project%20Bank%20C11.cpp')
  
C:\Users\dell\source\repos\Project Bank C11\Project Bank C11\clsTransferScreen.h(45,43): warning C4244: '=': conversion from 'double' to 'float', possible loss of data
  (compiling source file 'Project%20Bank%20C11.cpp')
  
C:\Users\dell\source\repos\Project Bank C11\Project Bank C11\clsTransferScreen.h(50,44): warning C4244: '=': conversion from 'double' to 'float', possible loss of data
  (compiling source file 'Project%20Bank%20C11.cpp')
  
C:\Users\dell\source\repos\Project Bank C11\Project Bank C11\clsAddNewUserScreen.h(114,21): warning C4129: ' ': unrecognized character escape sequence
  (compiling source file 'Project%20Bank%20C11.cpp')
  
C:\Users\dell\source\repos\Project Bank C11\Project Bank C11\clsBankClient.h(459,1): warning C4715: 'clsBankClient::Save': not all control paths return a value
C:\Users\dell\source\repos\Project Bank C11\Project Bank C11\clsBankClient.h(392,1): warning C4715: 'clsBankClient::Delete': not all control paths return a value
C:\Users\dell\source\repos\Project Bank C11\Project Bank C11\clsUser.h(429,1): warning C4715: 'clsUser::Save': not all control paths return a value
  Project Bank C11.vcxproj -> C:\Users\dell\source\repos\Project Bank C11\x64\Debug\Project Bank C11.exe
